[08:49:01]DB QUERY - SELECT COUNT(*) as cnt FROM visitor_stat WHERE `domain`='work' AND `ip`='2130706433' AND user_agent='Mozilla/5.0 (Windows NT 6.1; WOW64) AppleWebKit/537.36 (KHTML, like Gecko) Chrome/35.0.1916.153 Safari/537.36' AND ( `stamp` >= '1403712000' AND `stamp` < '1403798400') LIMIT 1
[08:49:01]DB QUERY - INSERT INTO visitor_stat (`domain`,`stamp`,`ip`,`user_agent`,`language`,`referer`) VALUES ('work','1403743741','2130706433','Mozilla/5.0 (Windows NT 6.1; WOW64) AppleWebKit/537.36 (KHTML, like Gecko) Chrome/35.0.1916.153 Safari/537.36','ko-KR','')
[08:49:01]CACHE - data/cache/visitor_stat_work.cache (Creating New Visitor Stat Cache)
[08:49:01]DB QUERY - SELECT COUNT(*) as cnt FROM visitor_stat WHERE `domain`='work' AND stamp >= 1403625600 AND stamp < 1403712000 LIMIT 1
[08:49:01]DB QUERY - SELECT COUNT(*) as cnt FROM visitor_stat WHERE `domain`='work' AND stamp >= 1403712000 AND stamp < 1403798400 LIMIT 1
[08:49:01]DB QUERY - SELECT COUNT(*) as cnt FROM visitor_stat WHERE `domain`='work' AND stamp >= 1403107200 AND stamp < 1403743741 LIMIT 1
[08:49:01]DB QUERY - SELECT COUNT(*) as cnt FROM visitor_stat WHERE `domain`='work' AND stamp >= 1401552000 AND stamp < 1404144000 LIMIT 1
[08:49:01]DB QUERY - SELECT COUNT(*) as cnt FROM visitor_stat WHERE `domain`='work' AND stamp >= 1388505600 AND stamp < 1420041600 LIMIT 1
[08:49:01]DB QUERY - SELECT * FROM popup_config WHERE `domain`='work' LIMIT 1
[08:49:02]DB QUERY - SELECT * FROM keyword WHERE `domain`='work' ORDER BY count DESC LIMIT 0, 7
[08:49:02]DB QUERY - SELECT * FROM keyword WHERE `domain`='work' ORDER BY count DESC LIMIT 0, 7
[08:49:02]CACHE - data/cache/keyword_stat_work.cache (Creating Keyword Statistic Cache File)
[08:49:02]DB QUERY - SELECT seq, seq_member, subject, stamp, secret FROM post_data WHERE post_id='talk' ORDER BY stamp DESC LIMIT 0, 10 
[08:49:02]CACHE - data/cache/talk_6d79a0f2c478788e077dfe66acbf5608_0_10.cache (Creating Post Latest Cache File)
[08:49:02]DB QUERY - SELECT seq, seq_member, subject, stamp, secret FROM post_data WHERE post_id='qna' ORDER BY stamp DESC LIMIT 0, 10 
[08:49:02]CACHE - data/cache/qna_1092f6e09679621999d1f182bb133091_0_10.cache (Creating Post Latest Cache File)
[08:49:02]DB QUERY - SELECT COUNT(*) as cnt FROM visitor_stat WHERE `domain`='work' AND `ip`='2130706433' AND user_agent='Mozilla/5.0 (Windows NT 6.1; WOW64) AppleWebKit/537.36 (KHTML, like Gecko) Chrome/35.0.1916.153 Safari/537.36' AND ( `stamp` >= '1403712000' AND `stamp` < '1403798400') LIMIT 1
[08:49:02]CACHE - data/cache/visitor_stat_work.cache (Currently using Visitor Stat Cache)
[08:49:07]DB QUERY - SELECT COUNT(*) as cnt FROM visitor_stat WHERE `domain`='work' AND `ip`='2130706433' AND user_agent='Mozilla/5.0 (Windows NT 6.1; WOW64) AppleWebKit/537.36 (KHTML, like Gecko) Chrome/35.0.1916.153 Safari/537.36' AND ( `stamp` >= '1403712000' AND `stamp` < '1403798400') LIMIT 1
[08:49:07]CACHE - data/cache/visitor_stat_work.cache (Currently using Visitor Stat Cache)
[08:49:07]DB QUERY - SELECT resign_stamp FROM member WHERE `username`= 'admin' LIMIT 1
[08:49:07]DB QUERY - SELECT * FROM member WHERE `username`='admin' AND `password`='1bc409fe466a8e81ceda90852a0e9cc7' LIMIT 1
[08:49:07]DB QUERY - SELECT COUNT(*) as cnt FROM visitor_stat WHERE `domain`='work' AND `ip`='2130706433' AND user_agent='Mozilla/5.0 (Windows NT 6.1; WOW64) AppleWebKit/537.36 (KHTML, like Gecko) Chrome/35.0.1916.153 Safari/537.36' AND ( `stamp` >= '1403712000' AND `stamp` < '1403798400') LIMIT 1
[08:49:07]CACHE - data/cache/visitor_stat_work.cache (Currently using Visitor Stat Cache)
[08:49:07]DB QUERY - SELECT COUNT(*) as cnt FROM visitor_stat WHERE `domain`='work' AND `ip`='2130706433' AND user_agent='Mozilla/5.0 (Windows NT 6.1; WOW64) AppleWebKit/537.36 (KHTML, like Gecko) Chrome/35.0.1916.153 Safari/537.36' AND ( `stamp` >= '1403712000' AND `stamp` < '1403798400') LIMIT 1
[08:49:07]CACHE - data/cache/visitor_stat_work.cache (Currently using Visitor Stat Cache)
[08:49:07]DB QUERY - SELECT * FROM popup_config WHERE `domain`='work' LIMIT 1
[08:49:07]DB QUERY - SELECT COUNT(*) as cnt FROM message_data WHERE `receiver`='admin' AND `receiver_deleted`='N' AND `receiver_readed`='N' LIMIT 1
[08:49:07]DB QUERY - SELECT * FROM data WHERE `gid` = '538cc7af279187b1197daba596b2d51a'
[08:49:07]DB QUERY - SELECT point FROM member WHERE seq='1' LIMIT 1
[08:49:07]CACHE - data/cache/keyword_stat_work.cache (Using Keyword Statistic Cache File)
[08:49:07]CACHE - data/cache/talk_6d79a0f2c478788e077dfe66acbf5608_0_10.cache (Using Post Latest Cache File)
[08:49:07]CACHE - data/cache/qna_1092f6e09679621999d1f182bb133091_0_10.cache (Using Post Latest Cache File)
[08:49:07]DB QUERY - SELECT COUNT(*) as cnt FROM visitor_stat WHERE `domain`='work' AND `ip`='2130706433' AND user_agent='Mozilla/5.0 (Windows NT 6.1; WOW64) AppleWebKit/537.36 (KHTML, like Gecko) Chrome/35.0.1916.153 Safari/537.36' AND ( `stamp` >= '1403712000' AND `stamp` < '1403798400') LIMIT 1
[08:49:07]CACHE - data/cache/visitor_stat_work.cache (Currently using Visitor Stat Cache)
[08:49:08]DB QUERY - SELECT COUNT(*) as cnt FROM visitor_stat WHERE `domain`='work' AND `ip`='2130706433' AND user_agent='Mozilla/5.0 (Windows NT 6.1; WOW64) AppleWebKit/537.36 (KHTML, like Gecko) Chrome/35.0.1916.153 Safari/537.36' AND ( `stamp` >= '1403712000' AND `stamp` < '1403798400') LIMIT 1
[08:49:08]CACHE - data/cache/visitor_stat_work.cache (Currently using Visitor Stat Cache)
[08:49:08]DB QUERY - SELECT COUNT(*) as cnt FROM visitor_stat WHERE `domain`='work' AND `ip`='2130706433' AND user_agent='Mozilla/5.0 (Windows NT 6.1; WOW64) AppleWebKit/537.36 (KHTML, like Gecko) Chrome/35.0.1916.153 Safari/537.36' AND ( `stamp` >= '1403712000' AND `stamp` < '1403798400') LIMIT 1
[08:49:08]CACHE - data/cache/visitor_stat_work.cache (Currently using Visitor Stat Cache)
[08:49:09]DB QUERY - SELECT COUNT(*) as cnt FROM visitor_stat WHERE `domain`='work' AND `ip`='2130706433' AND user_agent='Mozilla/5.0 (Windows NT 6.1; WOW64) AppleWebKit/537.36 (KHTML, like Gecko) Chrome/35.0.1916.153 Safari/537.36' AND ( `stamp` >= '1403712000' AND `stamp` < '1403798400') LIMIT 1
[08:49:09]CACHE - data/cache/visitor_stat_work.cache (Currently using Visitor Stat Cache)
[08:49:10]DB QUERY - SELECT COUNT(*) as cnt FROM visitor_stat WHERE `domain`='work' AND `ip`='2130706433' AND user_agent='Mozilla/5.0 (Windows NT 6.1; WOW64) AppleWebKit/537.36 (KHTML, like Gecko) Chrome/35.0.1916.153 Safari/537.36' AND ( `stamp` >= '1403712000' AND `stamp` < '1403798400') LIMIT 1
[08:49:10]CACHE - data/cache/visitor_stat_work.cache (Currently using Visitor Stat Cache)
[08:49:10]DB QUERY - SELECT * FROM site_config
[08:49:10]DB QUERY - SELECT COUNT(*) as cnt FROM visitor_stat WHERE `domain`='work' AND `ip`='2130706433' AND user_agent='Mozilla/5.0 (Windows NT 6.1; WOW64) AppleWebKit/537.36 (KHTML, like Gecko) Chrome/35.0.1916.153 Safari/537.36' AND ( `stamp` >= '1403712000' AND `stamp` < '1403798400') LIMIT 1
[08:49:10]CACHE - data/cache/visitor_stat_work.cache (Currently using Visitor Stat Cache)
[08:49:21]DB QUERY - SELECT COUNT(*) as cnt FROM visitor_stat WHERE `domain`='work' AND `ip`='2130706433' AND user_agent='Mozilla/5.0 (Windows NT 6.1; WOW64) AppleWebKit/537.36 (KHTML, like Gecko) Chrome/35.0.1916.153 Safari/537.36' AND ( `stamp` >= '1403712000' AND `stamp` < '1403798400') LIMIT 1
[08:49:21]CACHE - data/cache/visitor_stat_work.cache (Currently using Visitor Stat Cache)
[08:49:21]DB QUERY - SELECT * FROM site_config
[08:49:21]DB QUERY - SELECT COUNT(*) as cnt FROM visitor_stat WHERE `domain`='work' AND `ip`='2130706433' AND user_agent='Mozilla/5.0 (Windows NT 6.1; WOW64) AppleWebKit/537.36 (KHTML, like Gecko) Chrome/35.0.1916.153 Safari/537.36' AND ( `stamp` >= '1403712000' AND `stamp` < '1403798400') LIMIT 1
[08:49:21]CACHE - data/cache/visitor_stat_work.cache (Currently using Visitor Stat Cache)
[08:49:26]DB QUERY - SELECT COUNT(*) as cnt FROM visitor_stat WHERE `domain`='work' AND `ip`='2130706433' AND user_agent='Mozilla/5.0 (Windows NT 6.1; WOW64) AppleWebKit/537.36 (KHTML, like Gecko) Chrome/35.0.1916.153 Safari/537.36' AND ( `stamp` >= '1403712000' AND `stamp` < '1403798400') LIMIT 1
[08:49:26]CACHE - data/cache/visitor_stat_work.cache (Currently using Visitor Stat Cache)
[08:49:26]DB QUERY - SELECT COUNT(*) as cnt FROM visitor_stat WHERE `domain`='work' AND `ip`='2130706433' AND user_agent='Mozilla/5.0 (Windows NT 6.1; WOW64) AppleWebKit/537.36 (KHTML, like Gecko) Chrome/35.0.1916.153 Safari/537.36' AND ( `stamp` >= '1403712000' AND `stamp` < '1403798400') LIMIT 1
[08:49:26]CACHE - data/cache/visitor_stat_work.cache (Currently using Visitor Stat Cache)
[08:49:26]DB QUERY - SELECT * FROM site_config
[08:49:26]DB QUERY - SELECT COUNT(*) as cnt FROM visitor_stat WHERE `domain`='work' AND `ip`='2130706433' AND user_agent='Mozilla/5.0 (Windows NT 6.1; WOW64) AppleWebKit/537.36 (KHTML, like Gecko) Chrome/35.0.1916.153 Safari/537.36' AND ( `stamp` >= '1403712000' AND `stamp` < '1403798400') LIMIT 1
[08:49:26]CACHE - data/cache/visitor_stat_work.cache (Currently using Visitor Stat Cache)
[08:49:27]DB QUERY - SELECT COUNT(*) as cnt FROM visitor_stat WHERE `domain`='work' AND `ip`='2130706433' AND user_agent='Mozilla/5.0 (Windows NT 6.1; WOW64) AppleWebKit/537.36 (KHTML, like Gecko) Chrome/35.0.1916.153 Safari/537.36' AND ( `stamp` >= '1403712000' AND `stamp` < '1403798400') LIMIT 1
[08:49:27]CACHE - data/cache/visitor_stat_work.cache (Currently using Visitor Stat Cache)
[08:49:27]DB QUERY - SELECT COUNT(*) as cnt FROM visitor_stat WHERE `domain`='work' AND `ip`='2130706433' AND user_agent='Mozilla/5.0 (Windows NT 6.1; WOW64) AppleWebKit/537.36 (KHTML, like Gecko) Chrome/35.0.1916.153 Safari/537.36' AND ( `stamp` >= '1403712000' AND `stamp` < '1403798400') LIMIT 1
[08:49:27]CACHE - data/cache/visitor_stat_work.cache (Currently using Visitor Stat Cache)
[08:49:27]DB QUERY - SELECT * FROM site_config WHERE seq='1' LIMIT 1
[08:49:28]DB QUERY - SELECT COUNT(*) as cnt FROM visitor_stat WHERE `domain`='work' AND `ip`='2130706433' AND user_agent='Mozilla/5.0 (Windows NT 6.1; WOW64) AppleWebKit/537.36 (KHTML, like Gecko) Chrome/35.0.1916.153 Safari/537.36' AND ( `stamp` >= '1403712000' AND `stamp` < '1403798400') LIMIT 1
[08:49:28]CACHE - data/cache/visitor_stat_work.cache (Currently using Visitor Stat Cache)
[08:49:37]DB QUERY - SELECT COUNT(*) as cnt FROM visitor_stat WHERE `domain`='work' AND `ip`='2130706433' AND user_agent='Mozilla/5.0 (Windows NT 6.1; WOW64) AppleWebKit/537.36 (KHTML, like Gecko) Chrome/35.0.1916.153 Safari/537.36' AND ( `stamp` >= '1403712000' AND `stamp` < '1403798400') LIMIT 1
[08:49:37]CACHE - data/cache/visitor_stat_work.cache (Currently using Visitor Stat Cache)
[08:49:38]DB QUERY - SELECT COUNT(*) as cnt FROM visitor_stat WHERE `domain`='work' AND `ip`='2130706433' AND user_agent='Mozilla/5.0 (Windows NT 6.1; WOW64) AppleWebKit/537.36 (KHTML, like Gecko) Chrome/35.0.1916.153 Safari/537.36' AND ( `stamp` >= '1403712000' AND `stamp` < '1403798400') LIMIT 1
[08:49:38]CACHE - data/cache/visitor_stat_work.cache (Currently using Visitor Stat Cache)
